<?xml version="1.0" encoding="UTF-8"?>
<testng-results ignored="0" total="2" passed="2" failed="0" skipped="0">
  <reporter-output>
  </reporter-output>
  <suite started-at="2023-03-01T14:05:02 IST" name="Default suite" finished-at="2023-03-01T14:05:13 IST" duration-ms="11501">
    <groups>
    </groups>
    <test started-at="2023-03-01T14:05:02 IST" name="Default test" finished-at="2023-03-01T14:05:13 IST" duration-ms="11501">
      <class name="testcases.verifyLoginFunctionality">
        <test-method is-config="true" signature="init()[pri:0, instance:testcases.verifyLoginFunctionality@7ec7ffd3]" started-at="2023-03-01T14:05:02 IST" name="init" finished-at="2023-03-01T14:05:02 IST" duration-ms="9" status="PASS">
          <reporter-output>
          </reporter-output>
        </test-method> <!-- init -->
        <test-method is-config="true" signature="setUp()[pri:0, instance:testcases.verifyLoginFunctionality@7ec7ffd3]" started-at="2023-03-01T14:05:02 IST" name="setUp" finished-at="2023-03-01T14:05:10 IST" duration-ms="7911" status="PASS">
          <reporter-output>
          </reporter-output>
        </test-method> <!-- setUp -->
        <test-method signature="TC01()[pri:1, instance:testcases.verifyLoginFunctionality@7ec7ffd3]" started-at="2023-03-01T14:05:10 IST" name="TC01" finished-at="2023-03-01T14:05:13 IST" duration-ms="2666" status="PASS">
          <reporter-output>
          </reporter-output>
        </test-method> <!-- TC01 -->
        <test-method signature="TC02()[pri:2, instance:testcases.verifyLoginFunctionality@7ec7ffd3]" started-at="2023-03-01T14:05:13 IST" name="TC02" finished-at="2023-03-01T14:05:13 IST" duration-ms="595" status="PASS">
          <reporter-output>
          </reporter-output>
        </test-method> <!-- TC02 -->
        <test-method is-config="true" signature="tearDown()[pri:0, instance:testcases.verifyLoginFunctionality@7ec7ffd3]" started-at="2023-03-01T14:05:13 IST" name="tearDown" finished-at="2023-03-01T14:05:13 IST" duration-ms="274" status="PASS">
          <reporter-output>
          </reporter-output>
        </test-method> <!-- tearDown -->
      </class> <!-- testcases.verifyLoginFunctionality -->
    </test> <!-- Default test -->
  </suite> <!-- Default suite -->
</testng-results>
